<?xml version="1.0" encoding="UTF-8"?>
<testsuite xmlns:xsi="http://www.w3.org/2001/XMLSchema-instance" xsi:noNamespaceSchemaLocation="https://maven.apache.org/surefire/maven-surefire-plugin/xsd/surefire-test-report.xsd" name="com.example.fyx.UserMapperTest" time="5.595" tests="2" errors="0" skipped="0" failures="0">
  <properties>
    <property name="sun.desktop" value="windows"/>
    <property name="awt.toolkit" value="sun.awt.windows.WToolkit"/>
    <property name="file.encoding.pkg" value="sun.io"/>
    <property name="java.specification.version" value="1.8"/>
    <property name="sun.cpu.isalist" value="amd64"/>
    <property name="sun.jnu.encoding" value="GBK"/>
    <property name="java.class.path" value="E:\git_save_study\study_info_summary\java\spring\personal\spring_demo\swagger-demo\springboot-dal\target\test-classes;E:\git_save_study\study_info_summary\java\spring\personal\spring_demo\swagger-demo\springboot-dal\target\classes;E:\git_save_study\study_info_summary\java\spring\personal\spring_demo\swagger-demo\springboot-common\target\springboot-common-0.0.1-SNAPSHOT.jar;C:\Users\yuxiang.fang\.m2\demoRepository\com\fasterxml\jackson\core\jackson-databind\2.9.6\jackson-databind-2.9.6.jar;C:\Users\yuxiang.fang\.m2\demoRepository\com\fasterxml\jackson\core\jackson-annotations\2.9.0\jackson-annotations-2.9.0.jar;C:\Users\yuxiang.fang\.m2\demoRepository\com\fasterxml\jackson\core\jackson-core\2.9.6\jackson-core-2.9.6.jar;C:\Users\yuxiang.fang\.m2\demoRepository\javax\validation\validation-api\2.0.1.Final\validation-api-2.0.1.Final.jar;C:\Users\yuxiang.fang\.m2\demoRepository\org\hibernate\validator\hibernate-validator\6.0.10.Final\hibernate-validator-6.0.10.Final.jar;C:\Users\yuxiang.fang\.m2\demoRepository\org\jboss\logging\jboss-logging\3.3.2.Final\jboss-logging-3.3.2.Final.jar;C:\Users\yuxiang.fang\.m2\demoRepository\com\fasterxml\classmate\1.3.4\classmate-1.3.4.jar;C:\Users\yuxiang.fang\.m2\demoRepository\org\projectlombok\lombok\1.16.22\lombok-1.16.22.jar;C:\Users\yuxiang.fang\.m2\demoRepository\org\slf4j\slf4j-api\1.7.25\slf4j-api-1.7.25.jar;C:\Users\yuxiang.fang\.m2\demoRepository\org\junit\com.springsource.org.junit\4.11.0\com.springsource.org.junit-4.11.0.jar;C:\Users\yuxiang.fang\.m2\demoRepository\org\springframework\boot\spring-boot-starter-web\2.0.3.RELEASE\spring-boot-starter-web-2.0.3.RELEASE.jar;C:\Users\yuxiang.fang\.m2\demoRepository\org\springframework\boot\spring-boot-starter-json\2.0.3.RELEASE\spring-boot-starter-json-2.0.3.RELEASE.jar;C:\Users\yuxiang.fang\.m2\demoRepository\com\fasterxml\jackson\datatype\jackson-datatype-jdk8\2.9.6\jackson-datatype-jdk8-2.9.6.jar;C:\Users\yuxiang.fang\.m2\demoRepository\com\fasterxml\jackson\datatype\jackson-datatype-jsr310\2.9.6\jackson-datatype-jsr310-2.9.6.jar;C:\Users\yuxiang.fang\.m2\demoRepository\com\fasterxml\jackson\module\jackson-module-parameter-names\2.9.6\jackson-module-parameter-names-2.9.6.jar;C:\Users\yuxiang.fang\.m2\demoRepository\org\springframework\boot\spring-boot-starter-tomcat\2.0.3.RELEASE\spring-boot-starter-tomcat-2.0.3.RELEASE.jar;C:\Users\yuxiang.fang\.m2\demoRepository\org\apache\tomcat\embed\tomcat-embed-core\8.5.31\tomcat-embed-core-8.5.31.jar;C:\Users\yuxiang.fang\.m2\demoRepository\org\apache\tomcat\embed\tomcat-embed-el\8.5.31\tomcat-embed-el-8.5.31.jar;C:\Users\yuxiang.fang\.m2\demoRepository\org\apache\tomcat\embed\tomcat-embed-websocket\8.5.31\tomcat-embed-websocket-8.5.31.jar;C:\Users\yuxiang.fang\.m2\demoRepository\org\springframework\spring-web\5.0.7.RELEASE\spring-web-5.0.7.RELEASE.jar;C:\Users\yuxiang.fang\.m2\demoRepository\org\springframework\spring-beans\5.0.7.RELEASE\spring-beans-5.0.7.RELEASE.jar;C:\Users\yuxiang.fang\.m2\demoRepository\org\springframework\spring-webmvc\5.0.7.RELEASE\spring-webmvc-5.0.7.RELEASE.jar;C:\Users\yuxiang.fang\.m2\demoRepository\org\springframework\spring-aop\5.0.7.RELEASE\spring-aop-5.0.7.RELEASE.jar;C:\Users\yuxiang.fang\.m2\demoRepository\org\springframework\spring-context\5.0.7.RELEASE\spring-context-5.0.7.RELEASE.jar;C:\Users\yuxiang.fang\.m2\demoRepository\org\springframework\spring-expression\5.0.7.RELEASE\spring-expression-5.0.7.RELEASE.jar;C:\Users\yuxiang.fang\.m2\demoRepository\org\springframework\boot\spring-boot-starter-test\2.0.3.RELEASE\spring-boot-starter-test-2.0.3.RELEASE.jar;C:\Users\yuxiang.fang\.m2\demoRepository\org\springframework\boot\spring-boot-test\2.0.3.RELEASE\spring-boot-test-2.0.3.RELEASE.jar;C:\Users\yuxiang.fang\.m2\demoRepository\org\springframework\boot\spring-boot-test-autoconfigure\2.0.3.RELEASE\spring-boot-test-autoconfigure-2.0.3.RELEASE.jar;C:\Users\yuxiang.fang\.m2\demoRepository\com\jayway\jsonpath\json-path\2.4.0\json-path-2.4.0.jar;C:\Users\yuxiang.fang\.m2\demoRepository\net\minidev\json-smart\2.3\json-smart-2.3.jar;C:\Users\yuxiang.fang\.m2\demoRepository\net\minidev\accessors-smart\1.2\accessors-smart-1.2.jar;C:\Users\yuxiang.fang\.m2\demoRepository\org\ow2\asm\asm\5.0.4\asm-5.0.4.jar;C:\Users\yuxiang.fang\.m2\demoRepository\junit\junit\4.12\junit-4.12.jar;C:\Users\yuxiang.fang\.m2\demoRepository\org\assertj\assertj-core\3.9.1\assertj-core-3.9.1.jar;C:\Users\yuxiang.fang\.m2\demoRepository\org\mockito\mockito-core\2.15.0\mockito-core-2.15.0.jar;C:\Users\yuxiang.fang\.m2\demoRepository\net\bytebuddy\byte-buddy\1.7.11\byte-buddy-1.7.11.jar;C:\Users\yuxiang.fang\.m2\demoRepository\net\bytebuddy\byte-buddy-agent\1.7.11\byte-buddy-agent-1.7.11.jar;C:\Users\yuxiang.fang\.m2\demoRepository\org\objenesis\objenesis\2.6\objenesis-2.6.jar;C:\Users\yuxiang.fang\.m2\demoRepository\org\hamcrest\hamcrest-core\1.3\hamcrest-core-1.3.jar;C:\Users\yuxiang.fang\.m2\demoRepository\org\hamcrest\hamcrest-library\1.3\hamcrest-library-1.3.jar;C:\Users\yuxiang.fang\.m2\demoRepository\org\skyscreamer\jsonassert\1.5.0\jsonassert-1.5.0.jar;C:\Users\yuxiang.fang\.m2\demoRepository\com\vaadin\external\google\android-json\0.0.20131108.vaadin1\android-json-0.0.20131108.vaadin1.jar;C:\Users\yuxiang.fang\.m2\demoRepository\org\springframework\spring-core\5.0.7.RELEASE\spring-core-5.0.7.RELEASE.jar;C:\Users\yuxiang.fang\.m2\demoRepository\org\springframework\spring-jcl\5.0.7.RELEASE\spring-jcl-5.0.7.RELEASE.jar;C:\Users\yuxiang.fang\.m2\demoRepository\org\springframework\spring-test\5.0.7.RELEASE\spring-test-5.0.7.RELEASE.jar;C:\Users\yuxiang.fang\.m2\demoRepository\org\xmlunit\xmlunit-core\2.5.1\xmlunit-core-2.5.1.jar;C:\Users\yuxiang.fang\.m2\demoRepository\com\alibaba\fastjson\1.2.47\fastjson-1.2.47.jar;C:\Users\yuxiang.fang\.m2\demoRepository\org\mybatis\spring\boot\mybatis-spring-boot-starter\1.3.2\mybatis-spring-boot-starter-1.3.2.jar;C:\Users\yuxiang.fang\.m2\demoRepository\org\springframework\boot\spring-boot-starter\2.0.3.RELEASE\spring-boot-starter-2.0.3.RELEASE.jar;C:\Users\yuxiang.fang\.m2\demoRepository\org\springframework\boot\spring-boot\2.0.3.RELEASE\spring-boot-2.0.3.RELEASE.jar;C:\Users\yuxiang.fang\.m2\demoRepository\org\springframework\boot\spring-boot-autoconfigure\2.0.3.RELEASE\spring-boot-autoconfigure-2.0.3.RELEASE.jar;C:\Users\yuxiang.fang\.m2\demoRepository\org\springframework\boot\spring-boot-starter-logging\2.0.3.RELEASE\spring-boot-starter-logging-2.0.3.RELEASE.jar;C:\Users\yuxiang.fang\.m2\demoRepository\ch\qos\logback\logback-classic\1.2.3\logback-classic-1.2.3.jar;C:\Users\yuxiang.fang\.m2\demoRepository\ch\qos\logback\logback-core\1.2.3\logback-core-1.2.3.jar;C:\Users\yuxiang.fang\.m2\demoRepository\org\apache\logging\log4j\log4j-to-slf4j\2.10.0\log4j-to-slf4j-2.10.0.jar;C:\Users\yuxiang.fang\.m2\demoRepository\org\apache\logging\log4j\log4j-api\2.10.0\log4j-api-2.10.0.jar;C:\Users\yuxiang.fang\.m2\demoRepository\org\slf4j\jul-to-slf4j\1.7.25\jul-to-slf4j-1.7.25.jar;C:\Users\yuxiang.fang\.m2\demoRepository\javax\annotation\javax.annotation-api\1.3.2\javax.annotation-api-1.3.2.jar;C:\Users\yuxiang.fang\.m2\demoRepository\org\yaml\snakeyaml\1.19\snakeyaml-1.19.jar;C:\Users\yuxiang.fang\.m2\demoRepository\org\springframework\boot\spring-boot-starter-jdbc\2.0.3.RELEASE\spring-boot-starter-jdbc-2.0.3.RELEASE.jar;C:\Users\yuxiang.fang\.m2\demoRepository\com\zaxxer\HikariCP\2.7.9\HikariCP-2.7.9.jar;C:\Users\yuxiang.fang\.m2\demoRepository\org\springframework\spring-jdbc\5.0.7.RELEASE\spring-jdbc-5.0.7.RELEASE.jar;C:\Users\yuxiang.fang\.m2\demoRepository\org\springframework\spring-tx\5.0.7.RELEASE\spring-tx-5.0.7.RELEASE.jar;C:\Users\yuxiang.fang\.m2\demoRepository\org\mybatis\spring\boot\mybatis-spring-boot-autoconfigure\1.3.2\mybatis-spring-boot-autoconfigure-1.3.2.jar;C:\Users\yuxiang.fang\.m2\demoRepository\org\mybatis\mybatis\3.4.6\mybatis-3.4.6.jar;C:\Users\yuxiang.fang\.m2\demoRepository\org\mybatis\mybatis-spring\1.3.2\mybatis-spring-1.3.2.jar;C:\Users\yuxiang.fang\.m2\demoRepository\com\github\pagehelper\pagehelper\5.1.4\pagehelper-5.1.4.jar;C:\Users\yuxiang.fang\.m2\demoRepository\com\github\jsqlparser\jsqlparser\1.0\jsqlparser-1.0.jar;C:\Users\yuxiang.fang\.m2\demoRepository\mysql\mysql-connector-java\5.1.46\mysql-connector-java-5.1.46.jar;C:\Users\yuxiang.fang\.m2\demoRepository\tk\mybatis\mapper\4.0.3\mapper-4.0.3.jar;C:\Users\yuxiang.fang\.m2\demoRepository\javax\persistence\persistence-api\1.0\persistence-api-1.0.jar;"/>
    <property name="java.vm.vendor" value="Oracle Corporation"/>
    <property name="sun.arch.data.model" value="64"/>
    <property name="user.variant" value=""/>
    <property name="java.vendor.url" value="http://java.oracle.com/"/>
    <property name="user.timezone" value=""/>
    <property name="java.vm.specification.version" value="1.8"/>
    <property name="os.name" value="Windows 10"/>
    <property name="user.country" value="CN"/>
    <property name="sun.java.launcher" value="SUN_STANDARD"/>
    <property name="sun.boot.library.path" value="C:\Program Files\Java\jdk1.8.0_101\jre\bin"/>
    <property name="sun.java.command" value="C:\Users\YUXIAN~1.FAN\AppData\Local\Temp\surefire620332578409214419\surefirebooter6143840792957048224.jar C:\Users\yuxiang.fang\AppData\Local\Temp\surefire620332578409214419 2018-07-07T19-15-55_985-jvmRun1 surefire2785015024614275940tmp surefire_08386369986128856337tmp"/>
    <property name="surefire.test.class.path" value="E:\git_save_study\study_info_summary\java\spring\personal\spring_demo\swagger-demo\springboot-dal\target\test-classes;E:\git_save_study\study_info_summary\java\spring\personal\spring_demo\swagger-demo\springboot-dal\target\classes;E:\git_save_study\study_info_summary\java\spring\personal\spring_demo\swagger-demo\springboot-common\target\springboot-common-0.0.1-SNAPSHOT.jar;C:\Users\yuxiang.fang\.m2\demoRepository\com\fasterxml\jackson\core\jackson-databind\2.9.6\jackson-databind-2.9.6.jar;C:\Users\yuxiang.fang\.m2\demoRepository\com\fasterxml\jackson\core\jackson-annotations\2.9.0\jackson-annotations-2.9.0.jar;C:\Users\yuxiang.fang\.m2\demoRepository\com\fasterxml\jackson\core\jackson-core\2.9.6\jackson-core-2.9.6.jar;C:\Users\yuxiang.fang\.m2\demoRepository\javax\validation\validation-api\2.0.1.Final\validation-api-2.0.1.Final.jar;C:\Users\yuxiang.fang\.m2\demoRepository\org\hibernate\validator\hibernate-validator\6.0.10.Final\hibernate-validator-6.0.10.Final.jar;C:\Users\yuxiang.fang\.m2\demoRepository\org\jboss\logging\jboss-logging\3.3.2.Final\jboss-logging-3.3.2.Final.jar;C:\Users\yuxiang.fang\.m2\demoRepository\com\fasterxml\classmate\1.3.4\classmate-1.3.4.jar;C:\Users\yuxiang.fang\.m2\demoRepository\org\projectlombok\lombok\1.16.22\lombok-1.16.22.jar;C:\Users\yuxiang.fang\.m2\demoRepository\org\slf4j\slf4j-api\1.7.25\slf4j-api-1.7.25.jar;C:\Users\yuxiang.fang\.m2\demoRepository\org\junit\com.springsource.org.junit\4.11.0\com.springsource.org.junit-4.11.0.jar;C:\Users\yuxiang.fang\.m2\demoRepository\org\springframework\boot\spring-boot-starter-web\2.0.3.RELEASE\spring-boot-starter-web-2.0.3.RELEASE.jar;C:\Users\yuxiang.fang\.m2\demoRepository\org\springframework\boot\spring-boot-starter-json\2.0.3.RELEASE\spring-boot-starter-json-2.0.3.RELEASE.jar;C:\Users\yuxiang.fang\.m2\demoRepository\com\fasterxml\jackson\datatype\jackson-datatype-jdk8\2.9.6\jackson-datatype-jdk8-2.9.6.jar;C:\Users\yuxiang.fang\.m2\demoRepository\com\fasterxml\jackson\datatype\jackson-datatype-jsr310\2.9.6\jackson-datatype-jsr310-2.9.6.jar;C:\Users\yuxiang.fang\.m2\demoRepository\com\fasterxml\jackson\module\jackson-module-parameter-names\2.9.6\jackson-module-parameter-names-2.9.6.jar;C:\Users\yuxiang.fang\.m2\demoRepository\org\springframework\boot\spring-boot-starter-tomcat\2.0.3.RELEASE\spring-boot-starter-tomcat-2.0.3.RELEASE.jar;C:\Users\yuxiang.fang\.m2\demoRepository\org\apache\tomcat\embed\tomcat-embed-core\8.5.31\tomcat-embed-core-8.5.31.jar;C:\Users\yuxiang.fang\.m2\demoRepository\org\apache\tomcat\embed\tomcat-embed-el\8.5.31\tomcat-embed-el-8.5.31.jar;C:\Users\yuxiang.fang\.m2\demoRepository\org\apache\tomcat\embed\tomcat-embed-websocket\8.5.31\tomcat-embed-websocket-8.5.31.jar;C:\Users\yuxiang.fang\.m2\demoRepository\org\springframework\spring-web\5.0.7.RELEASE\spring-web-5.0.7.RELEASE.jar;C:\Users\yuxiang.fang\.m2\demoRepository\org\springframework\spring-beans\5.0.7.RELEASE\spring-beans-5.0.7.RELEASE.jar;C:\Users\yuxiang.fang\.m2\demoRepository\org\springframework\spring-webmvc\5.0.7.RELEASE\spring-webmvc-5.0.7.RELEASE.jar;C:\Users\yuxiang.fang\.m2\demoRepository\org\springframework\spring-aop\5.0.7.RELEASE\spring-aop-5.0.7.RELEASE.jar;C:\Users\yuxiang.fang\.m2\demoRepository\org\springframework\spring-context\5.0.7.RELEASE\spring-context-5.0.7.RELEASE.jar;C:\Users\yuxiang.fang\.m2\demoRepository\org\springframework\spring-expression\5.0.7.RELEASE\spring-expression-5.0.7.RELEASE.jar;C:\Users\yuxiang.fang\.m2\demoRepository\org\springframework\boot\spring-boot-starter-test\2.0.3.RELEASE\spring-boot-starter-test-2.0.3.RELEASE.jar;C:\Users\yuxiang.fang\.m2\demoRepository\org\springframework\boot\spring-boot-test\2.0.3.RELEASE\spring-boot-test-2.0.3.RELEASE.jar;C:\Users\yuxiang.fang\.m2\demoRepository\org\springframework\boot\spring-boot-test-autoconfigure\2.0.3.RELEASE\spring-boot-test-autoconfigure-2.0.3.RELEASE.jar;C:\Users\yuxiang.fang\.m2\demoRepository\com\jayway\jsonpath\json-path\2.4.0\json-path-2.4.0.jar;C:\Users\yuxiang.fang\.m2\demoRepository\net\minidev\json-smart\2.3\json-smart-2.3.jar;C:\Users\yuxiang.fang\.m2\demoRepository\net\minidev\accessors-smart\1.2\accessors-smart-1.2.jar;C:\Users\yuxiang.fang\.m2\demoRepository\org\ow2\asm\asm\5.0.4\asm-5.0.4.jar;C:\Users\yuxiang.fang\.m2\demoRepository\junit\junit\4.12\junit-4.12.jar;C:\Users\yuxiang.fang\.m2\demoRepository\org\assertj\assertj-core\3.9.1\assertj-core-3.9.1.jar;C:\Users\yuxiang.fang\.m2\demoRepository\org\mockito\mockito-core\2.15.0\mockito-core-2.15.0.jar;C:\Users\yuxiang.fang\.m2\demoRepository\net\bytebuddy\byte-buddy\1.7.11\byte-buddy-1.7.11.jar;C:\Users\yuxiang.fang\.m2\demoRepository\net\bytebuddy\byte-buddy-agent\1.7.11\byte-buddy-agent-1.7.11.jar;C:\Users\yuxiang.fang\.m2\demoRepository\org\objenesis\objenesis\2.6\objenesis-2.6.jar;C:\Users\yuxiang.fang\.m2\demoRepository\org\hamcrest\hamcrest-core\1.3\hamcrest-core-1.3.jar;C:\Users\yuxiang.fang\.m2\demoRepository\org\hamcrest\hamcrest-library\1.3\hamcrest-library-1.3.jar;C:\Users\yuxiang.fang\.m2\demoRepository\org\skyscreamer\jsonassert\1.5.0\jsonassert-1.5.0.jar;C:\Users\yuxiang.fang\.m2\demoRepository\com\vaadin\external\google\android-json\0.0.20131108.vaadin1\android-json-0.0.20131108.vaadin1.jar;C:\Users\yuxiang.fang\.m2\demoRepository\org\springframework\spring-core\5.0.7.RELEASE\spring-core-5.0.7.RELEASE.jar;C:\Users\yuxiang.fang\.m2\demoRepository\org\springframework\spring-jcl\5.0.7.RELEASE\spring-jcl-5.0.7.RELEASE.jar;C:\Users\yuxiang.fang\.m2\demoRepository\org\springframework\spring-test\5.0.7.RELEASE\spring-test-5.0.7.RELEASE.jar;C:\Users\yuxiang.fang\.m2\demoRepository\org\xmlunit\xmlunit-core\2.5.1\xmlunit-core-2.5.1.jar;C:\Users\yuxiang.fang\.m2\demoRepository\com\alibaba\fastjson\1.2.47\fastjson-1.2.47.jar;C:\Users\yuxiang.fang\.m2\demoRepository\org\mybatis\spring\boot\mybatis-spring-boot-starter\1.3.2\mybatis-spring-boot-starter-1.3.2.jar;C:\Users\yuxiang.fang\.m2\demoRepository\org\springframework\boot\spring-boot-starter\2.0.3.RELEASE\spring-boot-starter-2.0.3.RELEASE.jar;C:\Users\yuxiang.fang\.m2\demoRepository\org\springframework\boot\spring-boot\2.0.3.RELEASE\spring-boot-2.0.3.RELEASE.jar;C:\Users\yuxiang.fang\.m2\demoRepository\org\springframework\boot\spring-boot-autoconfigure\2.0.3.RELEASE\spring-boot-autoconfigure-2.0.3.RELEASE.jar;C:\Users\yuxiang.fang\.m2\demoRepository\org\springframework\boot\spring-boot-starter-logging\2.0.3.RELEASE\spring-boot-starter-logging-2.0.3.RELEASE.jar;C:\Users\yuxiang.fang\.m2\demoRepository\ch\qos\logback\logback-classic\1.2.3\logback-classic-1.2.3.jar;C:\Users\yuxiang.fang\.m2\demoRepository\ch\qos\logback\logback-core\1.2.3\logback-core-1.2.3.jar;C:\Users\yuxiang.fang\.m2\demoRepository\org\apache\logging\log4j\log4j-to-slf4j\2.10.0\log4j-to-slf4j-2.10.0.jar;C:\Users\yuxiang.fang\.m2\demoRepository\org\apache\logging\log4j\log4j-api\2.10.0\log4j-api-2.10.0.jar;C:\Users\yuxiang.fang\.m2\demoRepository\org\slf4j\jul-to-slf4j\1.7.25\jul-to-slf4j-1.7.25.jar;C:\Users\yuxiang.fang\.m2\demoRepository\javax\annotation\javax.annotation-api\1.3.2\javax.annotation-api-1.3.2.jar;C:\Users\yuxiang.fang\.m2\demoRepository\org\yaml\snakeyaml\1.19\snakeyaml-1.19.jar;C:\Users\yuxiang.fang\.m2\demoRepository\org\springframework\boot\spring-boot-starter-jdbc\2.0.3.RELEASE\spring-boot-starter-jdbc-2.0.3.RELEASE.jar;C:\Users\yuxiang.fang\.m2\demoRepository\com\zaxxer\HikariCP\2.7.9\HikariCP-2.7.9.jar;C:\Users\yuxiang.fang\.m2\demoRepository\org\springframework\spring-jdbc\5.0.7.RELEASE\spring-jdbc-5.0.7.RELEASE.jar;C:\Users\yuxiang.fang\.m2\demoRepository\org\springframework\spring-tx\5.0.7.RELEASE\spring-tx-5.0.7.RELEASE.jar;C:\Users\yuxiang.fang\.m2\demoRepository\org\mybatis\spring\boot\mybatis-spring-boot-autoconfigure\1.3.2\mybatis-spring-boot-autoconfigure-1.3.2.jar;C:\Users\yuxiang.fang\.m2\demoRepository\org\mybatis\mybatis\3.4.6\mybatis-3.4.6.jar;C:\Users\yuxiang.fang\.m2\demoRepository\org\mybatis\mybatis-spring\1.3.2\mybatis-spring-1.3.2.jar;C:\Users\yuxiang.fang\.m2\demoRepository\com\github\pagehelper\pagehelper\5.1.4\pagehelper-5.1.4.jar;C:\Users\yuxiang.fang\.m2\demoRepository\com\github\jsqlparser\jsqlparser\1.0\jsqlparser-1.0.jar;C:\Users\yuxiang.fang\.m2\demoRepository\mysql\mysql-connector-java\5.1.46\mysql-connector-java-5.1.46.jar;C:\Users\yuxiang.fang\.m2\demoRepository\tk\mybatis\mapper\4.0.3\mapper-4.0.3.jar;C:\Users\yuxiang.fang\.m2\demoRepository\javax\persistence\persistence-api\1.0\persistence-api-1.0.jar;"/>
    <property name="sun.cpu.endian" value="little"/>
    <property name="user.home" value="C:\Users\yuxiang.fang"/>
    <property name="user.language" value="zh"/>
    <property name="java.specification.vendor" value="Oracle Corporation"/>
    <property name="java.home" value="C:\Program Files\Java\jdk1.8.0_101\jre"/>
    <property name="basedir" value="E:\git_save_study\study_info_summary\java\spring\personal\spring_demo\swagger-demo\springboot-dal"/>
    <property name="file.separator" value="\"/>
    <property name="line.separator" value="&#10;"/>
    <property name="java.vm.specification.vendor" value="Oracle Corporation"/>
    <property name="java.specification.name" value="Java Platform API Specification"/>
    <property name="java.awt.graphicsenv" value="sun.awt.Win32GraphicsEnvironment"/>
    <property name="surefire.real.class.path" value="C:\Users\YUXIAN~1.FAN\AppData\Local\Temp\surefire620332578409214419\surefirebooter6143840792957048224.jar"/>
    <property name="sun.boot.class.path" value="C:\Program Files\Java\jdk1.8.0_101\jre\lib\resources.jar;C:\Program Files\Java\jdk1.8.0_101\jre\lib\rt.jar;C:\Program Files\Java\jdk1.8.0_101\jre\lib\sunrsasign.jar;C:\Program Files\Java\jdk1.8.0_101\jre\lib\jsse.jar;C:\Program Files\Java\jdk1.8.0_101\jre\lib\jce.jar;C:\Program Files\Java\jdk1.8.0_101\jre\lib\charsets.jar;C:\Program Files\Java\jdk1.8.0_101\jre\lib\jfr.jar;C:\Program Files\Java\jdk1.8.0_101\jre\classes"/>
    <property name="user.script" value=""/>
    <property name="sun.management.compiler" value="HotSpot 64-Bit Tiered Compilers"/>
    <property name="java.runtime.version" value="1.8.0_101-b13"/>
    <property name="user.name" value="Yuxiang.Fang"/>
    <property name="path.separator" value=";"/>
    <property name="os.version" value="10.0"/>
    <property name="java.endorsed.dirs" value="C:\Program Files\Java\jdk1.8.0_101\jre\lib\endorsed"/>
    <property name="java.runtime.name" value="Java(TM) SE Runtime Environment"/>
    <property name="file.encoding" value="GBK"/>
    <property name="java.vm.name" value="Java HotSpot(TM) 64-Bit Server VM"/>
    <property name="localRepository" value="C:\Users\yuxiang.fang\.m2\demoRepository"/>
    <property name="java.vendor.url.bug" value="http://bugreport.sun.com/bugreport/"/>
    <property name="java.io.tmpdir" value="C:\Users\YUXIAN~1.FAN\AppData\Local\Temp\"/>
    <property name="idea.version" value="2017.3.5"/>
    <property name="java.version" value="1.8.0_101"/>
    <property name="user.dir" value="E:\git_save_study\study_info_summary\java\spring\personal\spring_demo\swagger-demo\springboot-dal"/>
    <property name="os.arch" value="amd64"/>
    <property name="java.vm.specification.name" value="Java Virtual Machine Specification"/>
    <property name="java.awt.printerjob" value="sun.awt.windows.WPrinterJob"/>
    <property name="sun.os.patch.level" value=""/>
    <property name="java.library.path" value="C:\Program Files\Java\jdk1.8.0_101\jre\bin;C:\WINDOWS\Sun\Java\bin;C:\WINDOWS\system32;C:\WINDOWS;C:\Python27\;C:\Python27\Scripts;C:\ProgramData\Oracle\Java\javapath;C:\WINDOWS\system32;C:\WINDOWS;C:\WINDOWS\System32\Wbem;C:\WINDOWS\System32\WindowsPowerShell\v1.0\;E:\software_ins\mysql-5.7.20-winx64\bin\;%JAVA_HOME%\bin;C:\Program Files\Git\cmd;%MAVEN_HOME%\bin;%GNU_WINEDOWS_HOME%\bin;E:\software_dir\python_3_6\Scripts\;E:\software_dir\python_3_6\;C:\Users\yuxiang.fang\AppData\Local\Continuum\anaconda3;C:\Users\yuxiang.fang\AppData\Local\Continuum\anaconda3\Library\mingw-w64\bin;C:\Users\yuxiang.fang\AppData\Local\Continuum\anaconda3\Library\usr\bin;C:\Users\yuxiang.fang\AppData\Local\Continuum\anaconda3\Library\bin;C:\Users\yuxiang.fang\AppData\Local\Continuum\anaconda3\Scripts;C:\Users\yuxiang.fang\AppData\Local\Microsoft\WindowsApps;E:\software_ins\Fiddler;E:\software_dir\apache-maven-3.3.9\bin;D:\android_summary\install\android-sdk_r24.4.1-windows\platform-tools;D:\android_summary\install\android-sdk_r24.4.1-windows\tools;E:\software_ins\GetGnuWin32\gnuwin32\bin;E:\software_ins\Docker Toolbox;."/>
    <property name="java.vm.info" value="mixed mode"/>
    <property name="java.vendor" value="Oracle Corporation"/>
    <property name="java.vm.version" value="25.101-b13"/>
    <property name="java.ext.dirs" value="C:\Program Files\Java\jdk1.8.0_101\jre\lib\ext;C:\WINDOWS\Sun\Java\lib\ext"/>
    <property name="sun.io.unicode.encoding" value="UnicodeLittle"/>
    <property name="maven.repo.local" value="C:\Users\yuxiang.fang\.m2\demoRepository"/>
    <property name="java.class.version" value="52.0"/>
  </properties>
  <testcase name="testSelectByAlias" classname="com.example.fyx.UserMapperTest" time="0.624"/>
  <testcase name="testSelect" classname="com.example.fyx.UserMapperTest" time="0.001"/>
</testsuite>